This is pdfTeX, Version 3.14159265-2.6-1.40.21 (TeX Live 2020) (preloaded format=pdflatex 2020.6.10)  31 JUL 2020 17:16
entering extended mode
 restricted \write18 enabled.
 %&-line parsing enabled.
**spaces_freemium.tex
(./spaces_freemium.tex
LaTeX2e <2020-02-02> patch level 5
L3 programming layer <2020-06-03> (/Users/wendyvu/Library/TinyTeX/texmf-dist/te
x/latex/base/article.cls
Document Class: article 2019/12/20 v1.4l Standard LaTeX document class
(/Users/wendyvu/Library/TinyTeX/texmf-dist/tex/latex/base/size10.clo
File: size10.clo 2019/12/20 v1.4l Standard LaTeX file (size option)
)
\c@part=\count167
\c@section=\count168
\c@subsection=\count169
\c@subsubsection=\count170
\c@paragraph=\count171
\c@subparagraph=\count172
\c@figure=\count173
\c@table=\count174
\abovecaptionskip=\skip47
\belowcaptionskip=\skip48
\bibindent=\dimen134
) (/Users/wendyvu/Library/TinyTeX/texmf-dist/tex/latex/lm/lmodern.sty
Package: lmodern 2009/10/30 v1.6 Latin Modern Fonts
LaTeX Font Info:    Overwriting symbol font `operators' in version `normal'
(Font)                  OT1/cmr/m/n --> OT1/lmr/m/n on input line 22.
LaTeX Font Info:    Overwriting symbol font `letters' in version `normal'
(Font)                  OML/cmm/m/it --> OML/lmm/m/it on input line 23.
LaTeX Font Info:    Overwriting symbol font `symbols' in version `normal'
(Font)                  OMS/cmsy/m/n --> OMS/lmsy/m/n on input line 24.
LaTeX Font Info:    Overwriting symbol font `largesymbols' in version `normal'
(Font)                  OMX/cmex/m/n --> OMX/lmex/m/n on input line 25.
LaTeX Font Info:    Overwriting symbol font `operators' in version `bold'
(Font)                  OT1/cmr/bx/n --> OT1/lmr/bx/n on input line 26.
LaTeX Font Info:    Overwriting symbol font `letters' in version `bold'
(Font)                  OML/cmm/b/it --> OML/lmm/b/it on input line 27.
LaTeX Font Info:    Overwriting symbol font `symbols' in version `bold'
(Font)                  OMS/cmsy/b/n --> OMS/lmsy/b/n on input line 28.
LaTeX Font Info:    Overwriting symbol font `largesymbols' in version `bold'
(Font)                  OMX/cmex/m/n --> OMX/lmex/m/n on input line 29.
LaTeX Font Info:    Overwriting math alphabet `\mathbf' in version `normal'
(Font)                  OT1/cmr/bx/n --> OT1/lmr/bx/n on input line 31.
LaTeX Font Info:    Overwriting math alphabet `\mathsf' in version `normal'
(Font)                  OT1/cmss/m/n --> OT1/lmss/m/n on input line 32.
LaTeX Font Info:    Overwriting math alphabet `\mathit' in version `normal'
(Font)                  OT1/cmr/m/it --> OT1/lmr/m/it on input line 33.
LaTeX Font Info:    Overwriting math alphabet `\mathtt' in version `normal'
(Font)                  OT1/cmtt/m/n --> OT1/lmtt/m/n on input line 34.
LaTeX Font Info:    Overwriting math alphabet `\mathbf' in version `bold'
(Font)                  OT1/cmr/bx/n --> OT1/lmr/bx/n on input line 35.
LaTeX Font Info:    Overwriting math alphabet `\mathsf' in version `bold'
(Font)                  OT1/cmss/bx/n --> OT1/lmss/bx/n on input line 36.
LaTeX Font Info:    Overwriting math alphabet `\mathit' in version `bold'
(Font)                  OT1/cmr/bx/it --> OT1/lmr/bx/it on input line 37.
LaTeX Font Info:    Overwriting math alphabet `\mathtt' in version `bold'
(Font)                  OT1/cmtt/m/n --> OT1/lmtt/m/n on input line 38.
) (/Users/wendyvu/Library/TinyTeX/texmf-dist/tex/latex/amsfonts/amssymb.sty
Package: amssymb 2013/01/14 v3.01 AMS font symbols
(/Users/wendyvu/Library/TinyTeX/texmf-dist/tex/latex/amsfonts/amsfonts.sty
Package: amsfonts 2013/01/14 v3.01 Basic AMSFonts support
\@emptytoks=\toks15
\symAMSa=\mathgroup4
\symAMSb=\mathgroup5
LaTeX Font Info:    Redeclaring math symbol \hbar on input line 98.
LaTeX Font Info:    Overwriting math alphabet `\mathfrak' in version `bold'
(Font)                  U/euf/m/n --> U/euf/b/n on input line 106.
)) (/Users/wendyvu/Library/TinyTeX/texmf-dist/tex/latex/amsmath/amsmath.sty
Package: amsmath 2020/01/20 v2.17e AMS math features
\@mathmargin=\skip49
For additional information on amsmath, use the `?' option.
(/Users/wendyvu/Library/TinyTeX/texmf-dist/tex/latex/amsmath/amstext.sty
Package: amstext 2000/06/29 v2.01 AMS text
(/Users/wendyvu/Library/TinyTeX/texmf-dist/tex/latex/amsmath/amsgen.sty
File: amsgen.sty 1999/11/30 v2.0 generic functions
\@emptytoks=\toks16
\ex@=\dimen135
)) (/Users/wendyvu/Library/TinyTeX/texmf-dist/tex/latex/amsmath/amsbsy.sty
Package: amsbsy 1999/11/29 v1.2d Bold Symbols
\pmbraise@=\dimen136
) (/Users/wendyvu/Library/TinyTeX/texmf-dist/tex/latex/amsmath/amsopn.sty
Package: amsopn 2016/03/08 v2.02 operator names
)
\inf@bad=\count175
LaTeX Info: Redefining \frac on input line 227.
\uproot@=\count176
\leftroot@=\count177
LaTeX Info: Redefining \overline on input line 389.
\classnum@=\count178
\DOTSCASE@=\count179
LaTeX Info: Redefining \ldots on input line 486.
LaTeX Info: Redefining \dots on input line 489.
LaTeX Info: Redefining \cdots on input line 610.
\Mathstrutbox@=\box45
\strutbox@=\box46
\big@size=\dimen137
LaTeX Font Info:    Redeclaring font encoding OML on input line 733.
LaTeX Font Info:    Redeclaring font encoding OMS on input line 734.
\macc@depth=\count180
\c@MaxMatrixCols=\count181
\dotsspace@=\muskip16
\c@parentequation=\count182
\dspbrk@lvl=\count183
\tag@help=\toks17
\row@=\count184
\column@=\count185
\maxfields@=\count186
\andhelp@=\toks18
\eqnshift@=\dimen138
\alignsep@=\dimen139
\tagshift@=\dimen140
\tagwidth@=\dimen141
\totwidth@=\dimen142
\lineht@=\dimen143
\@envbody=\toks19
\multlinegap=\skip50
\multlinetaggap=\skip51
\mathdisplay@stack=\toks20
LaTeX Info: Redefining \[ on input line 2859.
LaTeX Info: Redefining \] on input line 2860.
) (/Users/wendyvu/Library/TinyTeX/texmf-dist/tex/generic/iftex/ifxetex.sty
Package: ifxetex 2019/10/25 v0.7 ifxetex legacy package. Use iftex instead.
(/Users/wendyvu/Library/TinyTeX/texmf-dist/tex/generic/iftex/iftex.sty
Package: iftex 2020/03/06 v1.0d TeX engine tests
)) (/Users/wendyvu/Library/TinyTeX/texmf-dist/tex/generic/iftex/ifluatex.sty
Package: ifluatex 2019/10/25 v1.5 ifluatex legacy package. Use iftex instead.
) (/Users/wendyvu/Library/TinyTeX/texmf-dist/tex/latex/base/fixltx2e.sty
Package: fixltx2e 2016/12/29 v2.1a fixes to LaTeX (obsolete)
Applying: [2015/01/01] Old fixltx2e package on input line 46.

Package fixltx2e Warning: fixltx2e is not required with releases after 2015
(fixltx2e)                All fixes are now in the LaTeX kernel.
(fixltx2e)                See the latexrelease package for details.

Already applied: [0000/00/00] Old fixltx2e package on input line 53.
) (/Users/wendyvu/Library/TinyTeX/texmf-dist/tex/latex/base/fontenc.sty
Package: fontenc 2020/02/11 v2.0o Standard LaTeX package
LaTeX Font Info:    Trying to load font information for T1+lmr on input line 11
2.
(/Users/wendyvu/Library/TinyTeX/texmf-dist/tex/latex/lm/t1lmr.fd
File: t1lmr.fd 2009/10/30 v1.6 Font defs for Latin Modern
)) (/Users/wendyvu/Library/TinyTeX/texmf-dist/tex/latex/base/inputenc.sty
Package: inputenc 2018/08/11 v1.3c Input encoding file
\inpenc@prehook=\toks21
\inpenc@posthook=\toks22
) (/Users/wendyvu/Library/TinyTeX/texmf-dist/tex/latex/geometry/geometry.sty
Package: geometry 2020/01/02 v5.9 Page Geometry
(/Users/wendyvu/Library/TinyTeX/texmf-dist/tex/latex/graphics/keyval.sty
Package: keyval 2014/10/28 v1.15 key=value parser (DPC)
\KV@toks@=\toks23
) (/Users/wendyvu/Library/TinyTeX/texmf-dist/tex/generic/iftex/ifvtex.sty
Package: ifvtex 2019/10/25 v1.7 ifvtex legacy package. Use iftex instead.
)
\Gm@cnth=\count187
\Gm@cntv=\count188
\c@Gm@tempcnt=\count189
\Gm@bindingoffset=\dimen144
\Gm@wd@mp=\dimen145
\Gm@odd@mp=\dimen146
\Gm@even@mp=\dimen147
\Gm@layoutwidth=\dimen148
\Gm@layoutheight=\dimen149
\Gm@layouthoffset=\dimen150
\Gm@layoutvoffset=\dimen151
\Gm@dimlist=\toks24
) (/Users/wendyvu/Library/TinyTeX/texmf-dist/tex/latex/hyperref/hyperref.sty
Package: hyperref 2020-05-15 v7.00e Hypertext links for LaTeX
(/Users/wendyvu/Library/TinyTeX/texmf-dist/tex/generic/ltxcmds/ltxcmds.sty
Package: ltxcmds 2019/12/15 v1.24 LaTeX kernel commands for general use (HO)
) (/Users/wendyvu/Library/TinyTeX/texmf-dist/tex/latex/pdftexcmds/pdftexcmds.st
y
Package: pdftexcmds 2020-06-04 v0.32 Utility functions of pdfTeX for LuaTeX (HO
)
(/Users/wendyvu/Library/TinyTeX/texmf-dist/tex/generic/infwarerr/infwarerr.sty
Package: infwarerr 2019/12/03 v1.5 Providing info/warning/error messages (HO)
)
Package pdftexcmds Info: \pdf@primitive is available.
Package pdftexcmds Info: \pdf@ifprimitive is available.
Package pdftexcmds Info: \pdfdraftmode found.
) (/Users/wendyvu/Library/TinyTeX/texmf-dist/tex/generic/kvsetkeys/kvsetkeys.st
y
Package: kvsetkeys 2019/12/15 v1.18 Key value parser (HO)
)
(/Users/wendyvu/Library/TinyTeX/texmf-dist/tex/generic/kvdefinekeys/kvdefinekey
s.sty
Package: kvdefinekeys 2019-12-19 v1.6 Define keys (HO)
) (/Users/wendyvu/Library/TinyTeX/texmf-dist/tex/generic/pdfescape/pdfescape.st
y
Package: pdfescape 2019/12/09 v1.15 Implements pdfTeX's escape features (HO)
) (/Users/wendyvu/Library/TinyTeX/texmf-dist/tex/latex/hycolor/hycolor.sty
Package: hycolor 2020-01-27 v1.10 Color options for hyperref/bookmark (HO)
)
(/Users/wendyvu/Library/TinyTeX/texmf-dist/tex/latex/letltxmacro/letltxmacro.st
y
Package: letltxmacro 2019/12/03 v1.6 Let assignment for LaTeX macros (HO)
) (/Users/wendyvu/Library/TinyTeX/texmf-dist/tex/latex/auxhook/auxhook.sty
Package: auxhook 2019-12-17 v1.6 Hooks for auxiliary files (HO)
) (/Users/wendyvu/Library/TinyTeX/texmf-dist/tex/latex/kvoptions/kvoptions.sty
Package: kvoptions 2019/11/29 v3.13 Key value format for package options (HO)
)
\@linkdim=\dimen152
\Hy@linkcounter=\count190
\Hy@pagecounter=\count191
(/Users/wendyvu/Library/TinyTeX/texmf-dist/tex/latex/hyperref/pd1enc.def
File: pd1enc.def 2020-05-15 v7.00e Hyperref: PDFDocEncoding definition (HO)
Now handling font encoding PD1 ...
... no UTF-8 mapping file for font encoding PD1
) (/Users/wendyvu/Library/TinyTeX/texmf-dist/tex/generic/intcalc/intcalc.sty
Package: intcalc 2019/12/15 v1.3 Expandable calculations with integers (HO)
) (/Users/wendyvu/Library/TinyTeX/texmf-dist/tex/generic/etexcmds/etexcmds.sty
Package: etexcmds 2019/12/15 v1.7 Avoid name clashes with e-TeX commands (HO)
)
\Hy@SavedSpaceFactor=\count192
Package hyperref Info: Hyper figures OFF on input line 4464.
Package hyperref Info: Link nesting OFF on input line 4469.
Package hyperref Info: Hyper index ON on input line 4472.
Package hyperref Info: Plain pages OFF on input line 4479.
Package hyperref Info: Backreferencing OFF on input line 4484.
Package hyperref Info: Implicit mode ON; LaTeX internals redefined.
Package hyperref Info: Bookmarks ON on input line 4717.
\c@Hy@tempcnt=\count193
(/Users/wendyvu/Library/TinyTeX/texmf-dist/tex/latex/url/url.sty
\Urlmuskip=\muskip17
Package: url 2013/09/16  ver 3.4  Verb mode for urls, etc.
)
LaTeX Info: Redefining \url on input line 5076.
\XeTeXLinkMargin=\dimen153
(/Users/wendyvu/Library/TinyTeX/texmf-dist/tex/generic/bitset/bitset.sty
Package: bitset 2019/12/09 v1.3 Handle bit-vector datatype (HO)

(/Users/wendyvu/Library/TinyTeX/texmf-dist/tex/generic/bigintcalc/bigintcalc.st
y
Package: bigintcalc 2019/12/15 v1.5 Expandable calculations on big integers (HO
)
))
\Fld@menulength=\count194
\Field@Width=\dimen154
\Fld@charsize=\dimen155
Package hyperref Info: Hyper figures OFF on input line 6347.
Package hyperref Info: Link nesting OFF on input line 6352.
Package hyperref Info: Hyper index ON on input line 6355.
Package hyperref Info: backreferencing OFF on input line 6362.
Package hyperref Info: Link coloring OFF on input line 6367.
Package hyperref Info: Link coloring with OCG OFF on input line 6372.
Package hyperref Info: PDF/A mode OFF on input line 6377.
LaTeX Info: Redefining \ref on input line 6417.
LaTeX Info: Redefining \pageref on input line 6421.
(/Users/wendyvu/Library/TinyTeX/texmf-dist/tex/generic/atbegshi/atbegshi.sty
Package: atbegshi 2019/12/05 v1.19 At begin shipout hook (HO)
)
\Hy@abspage=\count195
\c@Item=\count196
\c@Hfootnote=\count197
)
Package hyperref Info: Driver (autodetected): hpdftex.
(/Users/wendyvu/Library/TinyTeX/texmf-dist/tex/latex/hyperref/hpdftex.def
File: hpdftex.def 2020-05-15 v7.00e Hyperref driver for pdfTeX
(/Users/wendyvu/Library/TinyTeX/texmf-dist/tex/latex/atveryend/atveryend.sty
Package: atveryend 2019-12-11 v1.11 Hooks at the very end of document (HO)
Package atveryend Info: \enddocument detected (standard20110627).
)
\Fld@listcount=\count198
\c@bookmark@seq@number=\count199

(/Users/wendyvu/Library/TinyTeX/texmf-dist/tex/latex/rerunfilecheck/rerunfilech
eck.sty
Package: rerunfilecheck 2019/12/05 v1.9 Rerun checks for auxiliary files (HO)

(/Users/wendyvu/Library/TinyTeX/texmf-dist/tex/generic/uniquecounter/uniquecoun
ter.sty
Package: uniquecounter 2019/12/15 v1.4 Provide unlimited unique counter (HO)
)
Package uniquecounter Info: New unique counter `rerunfilecheck' on input line 2
86.
)
\Hy@SectionHShift=\skip52
)
Package hyperref Info: Option `unicode' set `true' on input line 30.
(/Users/wendyvu/Library/TinyTeX/texmf-dist/tex/latex/hyperref/puenc.def
File: puenc.def 2020-05-15 v7.00e Hyperref: PDF Unicode definition (HO)
Now handling font encoding PU ...
... no UTF-8 mapping file for font encoding PU
)
Package hyperref Info: Option `breaklinks' set `true' on input line 30.
(/Users/wendyvu/Library/TinyTeX/texmf-dist/tex/latex/graphics/color.sty
Package: color 2019/11/23 v1.2a Standard LaTeX Color (DPC)
(/Users/wendyvu/Library/TinyTeX/texmf-dist/tex/latex/graphics-cfg/color.cfg
File: color.cfg 2016/01/02 v1.6 sample color configuration
)
Package color Info: Driver file: pdftex.def on input line 147.
(/Users/wendyvu/Library/TinyTeX/texmf-dist/tex/latex/graphics-def/pdftex.def
File: pdftex.def 2018/01/08 v1.0l Graphics/color driver for pdftex
)) (/Users/wendyvu/Library/TinyTeX/texmf-dist/tex/latex/fancyvrb/fancyvrb.sty
Package: fancyvrb 2020/05/03 v3.6 verbatim text (tvz,hv)
\FV@CodeLineNo=\count266
\FV@InFile=\read2
\FV@TabBox=\box47
\c@FancyVerbLine=\count267
\FV@StepNumber=\count268
\FV@OutFile=\write3
) (/Users/wendyvu/Library/TinyTeX/texmf-dist/tex/latex/framed/framed.sty
Package: framed 2011/10/22 v 0.96: framed or shaded text with page breaks
\OuterFrameSep=\skip53
\fb@frw=\dimen156
\fb@frh=\dimen157
\FrameRule=\dimen158
\FrameSep=\dimen159
) (/Users/wendyvu/Library/TinyTeX/texmf-dist/tex/latex/graphics/graphicx.sty
Package: graphicx 2019/11/30 v1.2a Enhanced LaTeX Graphics (DPC,SPQR)
(/Users/wendyvu/Library/TinyTeX/texmf-dist/tex/latex/graphics/graphics.sty
Package: graphics 2019/11/30 v1.4a Standard LaTeX Graphics (DPC,SPQR)
(/Users/wendyvu/Library/TinyTeX/texmf-dist/tex/latex/graphics/trig.sty
Package: trig 2016/01/03 v1.10 sin cos tan (DPC)
) (/Users/wendyvu/Library/TinyTeX/texmf-dist/tex/latex/graphics-cfg/graphics.cf
g
File: graphics.cfg 2016/06/04 v1.11 sample graphics configuration
)
Package graphics Info: Driver file: pdftex.def on input line 105.
)
\Gin@req@height=\dimen160
\Gin@req@width=\dimen161
) (/Users/wendyvu/Library/TinyTeX/texmf-dist/tex/latex/grffile/grffile.sty
Package: grffile 2019/11/11 v2.1 Extended file name support for graphics (legac
y)
Package grffile Info: This package is an empty stub for compatibility on input 
line 40.
) (/Users/wendyvu/Library/TinyTeX/texmf-dist/tex/latex/titling/titling.sty
Package: titling 2009/09/04 v2.1d maketitle typesetting
\thanksmarkwidth=\skip54
\thanksmargin=\skip55
\droptitle=\skip56
) (/Users/wendyvu/Library/TinyTeX/texmf-dist/tex/latex/booktabs/booktabs.sty
Package: booktabs 2020/01/12 v1.61803398 Publication quality tables
\heavyrulewidth=\dimen162
\lightrulewidth=\dimen163
\cmidrulewidth=\dimen164
\belowrulesep=\dimen165
\belowbottomsep=\dimen166
\aboverulesep=\dimen167
\abovetopsep=\dimen168
\cmidrulesep=\dimen169
\cmidrulekern=\dimen170
\defaultaddspace=\dimen171
\@cmidla=\count269
\@cmidlb=\count270
\@aboverulesep=\dimen172
\@belowrulesep=\dimen173
\@thisruleclass=\count271
\@lastruleclass=\count272
\@thisrulewidth=\dimen174
) (/Users/wendyvu/Library/TinyTeX/texmf-dist/tex/latex/tools/longtable.sty
Package: longtable 2020/01/07 v4.13 Multi-page Table package (DPC)
\LTleft=\skip57
\LTright=\skip58
\LTpre=\skip59
\LTpost=\skip60
\LTchunksize=\count273
\LTcapwidth=\dimen175
\LT@head=\box48
\LT@firsthead=\box49
\LT@foot=\box50
\LT@lastfoot=\box51
\LT@cols=\count274
\LT@rows=\count275
\c@LT@tables=\count276
\c@LT@chunks=\count277
\LT@p@ftn=\toks25
) (/Users/wendyvu/Library/TinyTeX/texmf-dist/tex/latex/tools/array.sty
Package: array 2019/08/31 v2.4l Tabular extension package (FMi)
\col@sep=\dimen176
\ar@mcellbox=\box52
\extrarowheight=\dimen177
\NC@list=\toks26
\extratabsurround=\skip61
\backup@length=\skip62
\ar@cellbox=\box53
) (/Users/wendyvu/Library/TinyTeX/texmf-dist/tex/latex/multirow/multirow.sty
Package: multirow 2019/05/31 v2.5 Span multiple rows of a table
\multirow@colwidth=\skip63
\multirow@cntb=\count278
\multirow@dima=\skip64
\bigstrutjot=\dimen178
) (/Users/wendyvu/Library/TinyTeX/texmf-dist/tex/latex/wrapfig/wrapfig.sty
\wrapoverhang=\dimen179
\WF@size=\dimen180
\c@WF@wrappedlines=\count279
\WF@box=\box54
\WF@everypar=\toks27
Package: wrapfig 2003/01/31  v 3.6
) (/Users/wendyvu/Library/TinyTeX/texmf-dist/tex/latex/float/float.sty
Package: float 2001/11/08 v1.3d Float enhancements (AL)
\c@float@type=\count280
\float@exts=\toks28
\float@box=\box55
\@float@everytoks=\toks29
\@floatcapt=\box56
) (/Users/wendyvu/Library/TinyTeX/texmf-dist/tex/latex/colortbl/colortbl.sty
Package: colortbl 2020/01/04 v1.0e Color table columns (DPC)
\everycr=\toks30
\minrowclearance=\skip65
) (/Users/wendyvu/Library/TinyTeX/texmf-dist/tex/latex/pdflscape/pdflscape.sty
Package: pdflscape 2019/12/05 v0.12 Display of landscape pages in PDF (HO)
(/Users/wendyvu/Library/TinyTeX/texmf-dist/tex/latex/graphics/lscape.sty
Package: lscape 2000/10/22 v3.01 Landscape Pages (DPC)
)
Package pdflscape Info: Auto-detected driver: pdftex on input line 81.
) (/Users/wendyvu/Library/TinyTeX/texmf-dist/tex/latex/tabu/tabu.sty
Package: tabu 2019/01/11 v2.9 - flexible LaTeX tabulars (FC+tabu-fixed)
(/Users/wendyvu/Library/TinyTeX/texmf-dist/tex/latex/varwidth/varwidth.sty
Package: varwidth 2009/03/30 ver 0.92;  Variable-width minipages
\@vwid@box=\box57
\sift@deathcycles=\count281
\@vwid@loff=\dimen181
\@vwid@roff=\dimen182
)
\c@taburow=\count282
\tabu@nbcols=\count283
\tabu@cnt=\count284
\tabu@Xcol=\count285
\tabu@alloc=\count286
\tabu@nested=\count287
\tabu@target=\dimen183
\tabu@spreadtarget=\dimen184
\tabu@naturalX=\dimen185
\tabucolX=\dimen186
\tabu@Xsum=\dimen187
\extrarowdepth=\dimen188
\abovetabulinesep=\dimen189
\belowtabulinesep=\dimen190
\tabustrutrule=\dimen191
\tabu@thebody=\toks31
\tabu@footnotes=\toks32
\tabu@box=\box58
\tabu@arstrutbox=\box59
\tabu@hleads=\box60
\tabu@vleads=\box61
\tabu@cellskip=\skip66
)
(/Users/wendyvu/Library/TinyTeX/texmf-dist/tex/latex/threeparttable/threepartta
ble.sty
Package: threeparttable 2003/06/13  v 3.0
\@tempboxb=\box62
)
(/Users/wendyvu/Library/TinyTeX/texmf-dist/tex/latex/threeparttablex/threepartt
ablex.sty
Package: threeparttablex 2013/07/23 v0.3 by daleif
(/Users/wendyvu/Library/TinyTeX/texmf-dist/tex/latex/environ/environ.sty
Package: environ 2014/05/04 v0.3 A new way to define environments
(/Users/wendyvu/Library/TinyTeX/texmf-dist/tex/latex/trimspaces/trimspaces.sty
Package: trimspaces 2009/09/17 v1.1 Trim spaces around a token list
))
\TPTL@width=\skip67
) (/Users/wendyvu/Library/TinyTeX/texmf-dist/tex/generic/ulem/ulem.sty
\UL@box=\box63
\UL@hyphenbox=\box64
\UL@skip=\skip68
\UL@hook=\toks33
\UL@height=\dimen192
\UL@pe=\count288
\UL@pixel=\dimen193
\ULC@box=\box65
Package: ulem 2019/11/18
\ULdepth=\dimen194
) (/Users/wendyvu/Library/TinyTeX/texmf-dist/tex/latex/makecell/makecell.sty
Package: makecell 2009/08/03 V0.1e Managing of Tab Column Heads and Cells
\rotheadsize=\dimen195
\c@nlinenum=\count289
\TeXr@lab=\toks34
) (/Users/wendyvu/Library/TinyTeX/texmf-dist/tex/latex/xcolor/xcolor.sty
Package: xcolor 2016/05/11 v2.12 LaTeX color extensions (UK)
(/Users/wendyvu/Library/TinyTeX/texmf-dist/tex/latex/graphics-cfg/color.cfg
File: color.cfg 2016/01/02 v1.6 sample color configuration
)
Package xcolor Info: Driver file: pdftex.def on input line 225.
LaTeX Info: Redefining \color on input line 709.
Package xcolor Info: Model `cmy' substituted by `cmy0' on input line 1348.
Package xcolor Info: Model `hsb' substituted by `rgb' on input line 1352.
Package xcolor Info: Model `RGB' extended on input line 1364.
Package xcolor Info: Model `HTML' substituted by `rgb' on input line 1366.
Package xcolor Info: Model `Hsb' substituted by `hsb' on input line 1367.
Package xcolor Info: Model `tHsb' substituted by `hsb' on input line 1368.
Package xcolor Info: Model `HSB' substituted by `hsb' on input line 1369.
Package xcolor Info: Model `Gray' substituted by `gray' on input line 1370.
Package xcolor Info: Model `wave' substituted by `hsb' on input line 1371.
)
(/Users/wendyvu/Library/TinyTeX/texmf-dist/tex/latex/l3backend/l3backend-pdfmod
e.def
File: l3backend-pdfmode.def 2020-06-03 L3 backend support: PDF mode
\l__kernel_color_stack_int=\count290
\l__pdf_internal_box=\box66
) (./spaces_freemium.aux)
\openout1 = `spaces_freemium.aux'.

LaTeX Font Info:    Checking defaults for OML/cmm/m/it on input line 142.
LaTeX Font Info:    ... okay on input line 142.
LaTeX Font Info:    Checking defaults for OMS/cmsy/m/n on input line 142.
LaTeX Font Info:    ... okay on input line 142.
LaTeX Font Info:    Checking defaults for OT1/cmr/m/n on input line 142.
LaTeX Font Info:    ... okay on input line 142.
LaTeX Font Info:    Checking defaults for T1/cmr/m/n on input line 142.
LaTeX Font Info:    ... okay on input line 142.
LaTeX Font Info:    Checking defaults for TS1/cmr/m/n on input line 142.
LaTeX Font Info:    ... okay on input line 142.
LaTeX Font Info:    Checking defaults for OMX/cmex/m/n on input line 142.
LaTeX Font Info:    ... okay on input line 142.
LaTeX Font Info:    Checking defaults for U/cmr/m/n on input line 142.
LaTeX Font Info:    ... okay on input line 142.
LaTeX Font Info:    Checking defaults for PD1/pdf/m/n on input line 142.
LaTeX Font Info:    ... okay on input line 142.
LaTeX Font Info:    Checking defaults for PU/pdf/m/n on input line 142.
LaTeX Font Info:    ... okay on input line 142.
*geometry* driver: auto-detecting
*geometry* detected driver: pdftex
*geometry* verbose mode - [ preamble ] result:
* driver: pdftex
* paper: <default>
* layout: <same size as paper>
* layoutoffset:(h,v)=(0.0pt,0.0pt)
* modes: 
* h-part:(L,W,R)=(72.26999pt, 469.75502pt, 72.26999pt)
* v-part:(T,H,B)=(72.26999pt, 650.43001pt, 72.26999pt)
* \paperwidth=614.295pt
* \paperheight=794.96999pt
* \textwidth=469.75502pt
* \textheight=650.43001pt
* \oddsidemargin=0.0pt
* \evensidemargin=0.0pt
* \topmargin=-37.0pt
* \headheight=12.0pt
* \headsep=25.0pt
* \topskip=10.0pt
* \footskip=30.0pt
* \marginparwidth=65.0pt
* \marginparsep=11.0pt
* \columnsep=10.0pt
* \skip\footins=9.0pt plus 4.0pt minus 2.0pt
* \hoffset=0.0pt
* \voffset=0.0pt
* \mag=1000
* \@twocolumnfalse
* \@twosidefalse
* \@mparswitchfalse
* \@reversemarginfalse
* (1in=72.27pt=25.4mm, 1cm=28.453pt)

\AtBeginShipoutBox=\box67
Package hyperref Info: Link coloring OFF on input line 142.
(/Users/wendyvu/Library/TinyTeX/texmf-dist/tex/latex/hyperref/nameref.sty
Package: nameref 2019/09/16 v2.46 Cross-referencing by name of section
(/Users/wendyvu/Library/TinyTeX/texmf-dist/tex/latex/refcount/refcount.sty
Package: refcount 2019/12/15 v3.6 Data extraction from label references (HO)
)
(/Users/wendyvu/Library/TinyTeX/texmf-dist/tex/generic/gettitlestring/gettitles
tring.sty
Package: gettitlestring 2019/12/15 v1.6 Cleanup title references (HO)
)
\c@section@level=\count291
)
LaTeX Info: Redefining \ref on input line 142.
LaTeX Info: Redefining \pageref on input line 142.
LaTeX Info: Redefining \nameref on input line 142.
(./spaces_freemium.out) (./spaces_freemium.out)
\@outlinefile=\write4
\openout4 = `spaces_freemium.out'.


(/Users/wendyvu/Library/TinyTeX/texmf-dist/tex/latex/epstopdf-pkg/epstopdf-base
.sty
Package: epstopdf-base 2020-01-24 v2.11 Base part for package epstopdf
Package epstopdf-base Info: Redefining graphics rule for `.eps' on input line 4
85.

(/Users/wendyvu/Library/TinyTeX/texmf-dist/tex/latex/latexconfig/epstopdf-sys.c
fg
File: epstopdf-sys.cfg 2010/07/13 v1.3 Configuration of (r)epstopdf for TeX Liv
e
)) (./spaces_freemium.toc)
\tf@toc=\write5
\openout5 = `spaces_freemium.toc'.


Package xcolor Warning: Incompatible color definition on input line 149.

LaTeX Font Info:    Trying to load font information for T1+lmtt on input line 1
50.
(/Users/wendyvu/Library/TinyTeX/texmf-dist/tex/latex/lm/t1lmtt.fd
File: t1lmtt.fd 2009/10/30 v1.6 Font defs for Latin Modern
)
LaTeX Font Info:    Font shape `T1/lmtt/bx/n' in size <10> not available
(Font)              Font shape `T1/lmtt/b/n' tried instead on input line 151.

Package xcolor Warning: Incompatible color definition on input line 157.


Package xcolor Warning: Incompatible color definition on input line 157.


Package xcolor Warning: Incompatible color definition on input line 188.


Package xcolor Warning: Incompatible color definition on input line 192.


Package xcolor Warning: Incompatible color definition on input line 192.


Overfull \hbox (139.24321pt too wide) in paragraph at lines 226--226
[]\T1/lmtt/m/n/10 ## Note: spatstat version 1.63-3 is out of date by more than 
5 months; we recommend upgrading to the latest version.[] 
 []

[1

{/Users/wendyvu/Library/TinyTeX/texmf-var/fonts/map/pdftex/updmap/pdftex.map}]

Package xcolor Warning: Incompatible color definition on input line 245.


Package xcolor Warning: Incompatible color definition on input line 261.


Package xcolor Warning: Incompatible color definition on input line 261.


Package xcolor Warning: Incompatible color definition on input line 267.


Package xcolor Warning: Incompatible color definition on input line 271.


Package xcolor Warning: Incompatible color definition on input line 271.


Overfull \hbox (548.74202pt too wide) in paragraph at lines 294--294
[]\T1/lmtt/m/n/10 ##  $ user_id               : chr  "00001a1b-d4e6-445c-bfd4-0
bf99d9bf234" "00001a1b-d4e6-445c-bfd4-0bf99d9bf234" "00001a1b-d4e6-445c-bfd4-0b
f99d9bf234" "00001a1b-d4e6-445c-bfd4-0bf99d9bf234" ...[] 
 []


Overfull \hbox (2.7436pt too wide) in paragraph at lines 294--294
[]\T1/lmtt/m/n/10 ##  $ market                : chr  "DEU       " "DEU       " 
"DEU       " "DEU       " ...[] 
 []

[2]

Package xcolor Warning: Incompatible color definition on input line 296.


Package xcolor Warning: Incompatible color definition on input line 300.


Package xcolor Warning: Incompatible color definition on input line 300.


Package xcolor Warning: Incompatible color definition on input line 340.


Package xcolor Warning: Incompatible color definition on input line 344.


Package xcolor Warning: Incompatible color definition on input line 344.


Package xcolor Warning: Incompatible color definition on input line 357.

[3]

Package xcolor Warning: Incompatible color definition on input line 361.


Package xcolor Warning: Incompatible color definition on input line 361.


Package xcolor Warning: Incompatible color definition on input line 380.


Package xcolor Warning: Incompatible color definition on input line 384.


Package xcolor Warning: Incompatible color definition on input line 384.


Package xcolor Warning: Incompatible color definition on input line 415.


Package xcolor Warning: Incompatible color definition on input line 446.


Package xcolor Warning: Incompatible color definition on input line 446.


Package xcolor Warning: Incompatible color definition on input line 446.

[4]

Package xcolor Warning: Incompatible color definition on input line 446.


Package xcolor Warning: Incompatible color definition on input line 446.

[5]

Package xcolor Warning: Incompatible color definition on input line 494.


Package xcolor Warning: Incompatible color definition on input line 499.


Package xcolor Warning: Incompatible color definition on input line 499.


Package xcolor Warning: Incompatible color definition on input line 547.


Package xcolor Warning: Incompatible color definition on input line 564.


Package xcolor Warning: Incompatible color definition on input line 564.


Package xcolor Warning: Incompatible color definition on input line 564.

[6]

Package xcolor Warning: Incompatible color definition on input line 564.


Package xcolor Warning: Incompatible color definition on input line 564.

<spaces_freemium_files/figure-latex/unnamed-chunk-2-1.pdf, id=37, 469.755pt x 3
25.215pt>
File: spaces_freemium_files/figure-latex/unnamed-chunk-2-1.pdf Graphic file (ty
pe pdf)
<use spaces_freemium_files/figure-latex/unnamed-chunk-2-1.pdf>
Package pdftex.def Info: spaces_freemium_files/figure-latex/unnamed-chunk-2-1.p
df  used on input line 566.
(pdftex.def)             Requested size: 469.75386pt x 325.2142pt.

Package xcolor Warning: Incompatible color definition on input line 568.


Package xcolor Warning: Incompatible color definition on input line 572.


Package xcolor Warning: Incompatible color definition on input line 572.

[7 <./spaces_freemium_files/figure-latex/unnamed-chunk-2-1.pdf>]

Package xcolor Warning: Incompatible color definition on input line 630.


Package xcolor Warning: Incompatible color definition on input line 667.


Package xcolor Warning: Incompatible color definition on input line 667.


Package xcolor Warning: Incompatible color definition on input line 667.

[8]

Package xcolor Warning: Incompatible color definition on input line 667.


Package xcolor Warning: Incompatible color definition on input line 667.

<spaces_freemium_files/figure-latex/unnamed-chunk-2-2.pdf, id=52, 469.755pt x 3
25.215pt>
File: spaces_freemium_files/figure-latex/unnamed-chunk-2-2.pdf Graphic file (ty
pe pdf)
<use spaces_freemium_files/figure-latex/unnamed-chunk-2-2.pdf>
Package pdftex.def Info: spaces_freemium_files/figure-latex/unnamed-chunk-2-2.p
df  used on input line 669.
(pdftex.def)             Requested size: 469.75386pt x 325.2142pt.

Package xcolor Warning: Incompatible color definition on input line 671.


Package xcolor Warning: Incompatible color definition on input line 695.


Package xcolor Warning: Incompatible color definition on input line 695.


Package xcolor Warning: Incompatible color definition on input line 695.

[9 <./spaces_freemium_files/figure-latex/unnamed-chunk-2-2.pdf>]

Package xcolor Warning: Incompatible color definition on input line 695.


Package xcolor Warning: Incompatible color definition on input line 695.

<spaces_freemium_files/figure-latex/unnamed-chunk-2-3.pdf, id=63, 469.755pt x 3
25.215pt>
File: spaces_freemium_files/figure-latex/unnamed-chunk-2-3.pdf Graphic file (ty
pe pdf)
<use spaces_freemium_files/figure-latex/unnamed-chunk-2-3.pdf>
Package pdftex.def Info: spaces_freemium_files/figure-latex/unnamed-chunk-2-3.p
df  used on input line 697.
(pdftex.def)             Requested size: 469.75386pt x 325.2142pt.

Package xcolor Warning: Incompatible color definition on input line 699.


Package xcolor Warning: Incompatible color definition on input line 733.


Package xcolor Warning: Incompatible color definition on input line 733.


Package xcolor Warning: Incompatible color definition on input line 733.

[10 <./spaces_freemium_files/figure-latex/unnamed-chunk-2-3.pdf>]

Package xcolor Warning: Incompatible color definition on input line 733.


Package xcolor Warning: Incompatible color definition on input line 733.

<spaces_freemium_files/figure-latex/unnamed-chunk-3-1.pdf, id=74, 469.755pt x 3
25.215pt>
File: spaces_freemium_files/figure-latex/unnamed-chunk-3-1.pdf Graphic file (ty
pe pdf)
<use spaces_freemium_files/figure-latex/unnamed-chunk-3-1.pdf>
Package pdftex.def Info: spaces_freemium_files/figure-latex/unnamed-chunk-3-1.p
df  used on input line 735.
(pdftex.def)             Requested size: 469.75386pt x 325.2142pt.

Package xcolor Warning: Incompatible color definition on input line 737.

[11 <./spaces_freemium_files/figure-latex/unnamed-chunk-3-1.pdf>]

Package xcolor Warning: Incompatible color definition on input line 763.


Package xcolor Warning: Incompatible color definition on input line 763.

<spaces_freemium_files/figure-latex/unnamed-chunk-3-2.pdf, id=85, 469.755pt x 3
25.215pt>
File: spaces_freemium_files/figure-latex/unnamed-chunk-3-2.pdf Graphic file (ty
pe pdf)
<use spaces_freemium_files/figure-latex/unnamed-chunk-3-2.pdf>
Package pdftex.def Info: spaces_freemium_files/figure-latex/unnamed-chunk-3-2.p
df  used on input line 765.
(pdftex.def)             Requested size: 469.75386pt x 325.2142pt.

Package xcolor Warning: Incompatible color definition on input line 767.

[12 <./spaces_freemium_files/figure-latex/unnamed-chunk-3-2.pdf>]

Package xcolor Warning: Incompatible color definition on input line 810.


Package xcolor Warning: Incompatible color definition on input line 810.

<spaces_freemium_files/figure-latex/unnamed-chunk-3-3.pdf, id=96, 469.755pt x 3
25.215pt>
File: spaces_freemium_files/figure-latex/unnamed-chunk-3-3.pdf Graphic file (ty
pe pdf)
<use spaces_freemium_files/figure-latex/unnamed-chunk-3-3.pdf>
Package pdftex.def Info: spaces_freemium_files/figure-latex/unnamed-chunk-3-3.p
df  used on input line 812.
(pdftex.def)             Requested size: 469.75386pt x 325.2142pt.

Package xcolor Warning: Incompatible color definition on input line 814.

[13]

Package xcolor Warning: Incompatible color definition on input line 878.


Package xcolor Warning: Incompatible color definition on input line 878.


Package xcolor Warning: Incompatible color definition on input line 878.

[14 <./spaces_freemium_files/figure-latex/unnamed-chunk-3-3.pdf>]

Package xcolor Warning: Incompatible color definition on input line 878.


Package xcolor Warning: Incompatible color definition on input line 878.

<spaces_freemium_files/figure-latex/unnamed-chunk-4-1.pdf, id=112, 469.755pt x 
325.215pt>
File: spaces_freemium_files/figure-latex/unnamed-chunk-4-1.pdf Graphic file (ty
pe pdf)
<use spaces_freemium_files/figure-latex/unnamed-chunk-4-1.pdf>
Package pdftex.def Info: spaces_freemium_files/figure-latex/unnamed-chunk-4-1.p
df  used on input line 880.
(pdftex.def)             Requested size: 469.75386pt x 325.2142pt.

Package xcolor Warning: Incompatible color definition on input line 882.

[15]

Package xcolor Warning: Incompatible color definition on input line 909.


Package xcolor Warning: Incompatible color definition on input line 909.

<spaces_freemium_files/figure-latex/unnamed-chunk-4-2.pdf, id=117, 469.755pt x 
325.215pt>
File: spaces_freemium_files/figure-latex/unnamed-chunk-4-2.pdf Graphic file (ty
pe pdf)
<use spaces_freemium_files/figure-latex/unnamed-chunk-4-2.pdf>
Package pdftex.def Info: spaces_freemium_files/figure-latex/unnamed-chunk-4-2.p
df  used on input line 911.
(pdftex.def)             Requested size: 469.75386pt x 325.2142pt.

Package xcolor Warning: Incompatible color definition on input line 913.

[16 <./spaces_freemium_files/figure-latex/unnamed-chunk-4-1.pdf>]

Package xcolor Warning: Incompatible color definition on input line 962.


Package xcolor Warning: Incompatible color definition on input line 962.


Package xcolor Warning: Incompatible color definition on input line 962.

[17 <./spaces_freemium_files/figure-latex/unnamed-chunk-4-2.pdf>]

Package xcolor Warning: Incompatible color definition on input line 962.


Package xcolor Warning: Incompatible color definition on input line 962.

<spaces_freemium_files/figure-latex/unnamed-chunk-5-1.pdf, id=138, 469.755pt x 
325.215pt>
File: spaces_freemium_files/figure-latex/unnamed-chunk-5-1.pdf Graphic file (ty
pe pdf)
<use spaces_freemium_files/figure-latex/unnamed-chunk-5-1.pdf>
Package pdftex.def Info: spaces_freemium_files/figure-latex/unnamed-chunk-5-1.p
df  used on input line 964.
(pdftex.def)             Requested size: 469.75386pt x 325.2142pt.

Package xcolor Warning: Incompatible color definition on input line 966.


Package xcolor Warning: Incompatible color definition on input line 995.


Package xcolor Warning: Incompatible color definition on input line 995.


Package xcolor Warning: Incompatible color definition on input line 995.

[18 <./spaces_freemium_files/figure-latex/unnamed-chunk-5-1.pdf>]

Package xcolor Warning: Incompatible color definition on input line 995.


Package xcolor Warning: Incompatible color definition on input line 995.

<spaces_freemium_files/figure-latex/unnamed-chunk-5-2.pdf, id=150, 469.755pt x 
325.215pt>
File: spaces_freemium_files/figure-latex/unnamed-chunk-5-2.pdf Graphic file (ty
pe pdf)
<use spaces_freemium_files/figure-latex/unnamed-chunk-5-2.pdf>
Package pdftex.def Info: spaces_freemium_files/figure-latex/unnamed-chunk-5-2.p
df  used on input line 997.
(pdftex.def)             Requested size: 469.75386pt x 325.2142pt.

Package xcolor Warning: Incompatible color definition on input line 999.


Package xcolor Warning: Incompatible color definition on input line 1041.


Package xcolor Warning: Incompatible color definition on input line 1041.


Package xcolor Warning: Incompatible color definition on input line 1041.

[19 <./spaces_freemium_files/figure-latex/unnamed-chunk-5-2.pdf>]

Package xcolor Warning: Incompatible color definition on input line 1041.


Package xcolor Warning: Incompatible color definition on input line 1041.

<spaces_freemium_files/figure-latex/unnamed-chunk-6-1.pdf, id=162, 469.755pt x 
325.215pt>
File: spaces_freemium_files/figure-latex/unnamed-chunk-6-1.pdf Graphic file (ty
pe pdf)
<use spaces_freemium_files/figure-latex/unnamed-chunk-6-1.pdf>
Package pdftex.def Info: spaces_freemium_files/figure-latex/unnamed-chunk-6-1.p
df  used on input line 1043.
(pdftex.def)             Requested size: 469.75386pt x 325.2142pt.

Package xcolor Warning: Incompatible color definition on input line 1045.

[20]

Package xcolor Warning: Incompatible color definition on input line 1085.


Package xcolor Warning: Incompatible color definition on input line 1085.


Package xcolor Warning: Incompatible color definition on input line 1085.

[21 <./spaces_freemium_files/figure-latex/unnamed-chunk-6-1.pdf>]

Package xcolor Warning: Incompatible color definition on input line 1085.


Package xcolor Warning: Incompatible color definition on input line 1085.

<spaces_freemium_files/figure-latex/unnamed-chunk-6-2.pdf, id=177, 469.755pt x 
325.215pt>
File: spaces_freemium_files/figure-latex/unnamed-chunk-6-2.pdf Graphic file (ty
pe pdf)
<use spaces_freemium_files/figure-latex/unnamed-chunk-6-2.pdf>
Package pdftex.def Info: spaces_freemium_files/figure-latex/unnamed-chunk-6-2.p
df  used on input line 1087.
(pdftex.def)             Requested size: 469.75386pt x 325.2142pt.

Package xcolor Warning: Incompatible color definition on input line 1089.


Package xcolor Warning: Incompatible color definition on input line 1130.


Package xcolor Warning: Incompatible color definition on input line 1130.


Package xcolor Warning: Incompatible color definition on input line 1130.

[22 <./spaces_freemium_files/figure-latex/unnamed-chunk-6-2.pdf>]

Package xcolor Warning: Incompatible color definition on input line 1130.


Package xcolor Warning: Incompatible color definition on input line 1130.

<spaces_freemium_files/figure-latex/unnamed-chunk-6-3.pdf, id=188, 469.755pt x 
325.215pt>
File: spaces_freemium_files/figure-latex/unnamed-chunk-6-3.pdf Graphic file (ty
pe pdf)
<use spaces_freemium_files/figure-latex/unnamed-chunk-6-3.pdf>
Package pdftex.def Info: spaces_freemium_files/figure-latex/unnamed-chunk-6-3.p
df  used on input line 1132.
(pdftex.def)             Requested size: 469.75386pt x 325.2142pt.

Package xcolor Warning: Incompatible color definition on input line 1134.

[23 <./spaces_freemium_files/figure-latex/unnamed-chunk-6-3.pdf>]

Package xcolor Warning: Incompatible color definition on input line 1174.


Package xcolor Warning: Incompatible color definition on input line 1174.

<spaces_freemium_files/figure-latex/unnamed-chunk-6-4.pdf, id=199, 469.755pt x 
325.215pt>
File: spaces_freemium_files/figure-latex/unnamed-chunk-6-4.pdf Graphic file (ty
pe pdf)
<use spaces_freemium_files/figure-latex/unnamed-chunk-6-4.pdf>
Package pdftex.def Info: spaces_freemium_files/figure-latex/unnamed-chunk-6-4.p
df  used on input line 1176.
(pdftex.def)             Requested size: 469.75386pt x 325.2142pt.

Package xcolor Warning: Incompatible color definition on input line 1178.

[24]

Package xcolor Warning: Incompatible color definition on input line 1218.


Package xcolor Warning: Incompatible color definition on input line 1218.


Package xcolor Warning: Incompatible color definition on input line 1218.

[25 <./spaces_freemium_files/figure-latex/unnamed-chunk-6-4.pdf>]

Package xcolor Warning: Incompatible color definition on input line 1218.


Package xcolor Warning: Incompatible color definition on input line 1218.

<spaces_freemium_files/figure-latex/unnamed-chunk-6-5.pdf, id=215, 469.755pt x 
325.215pt>
File: spaces_freemium_files/figure-latex/unnamed-chunk-6-5.pdf Graphic file (ty
pe pdf)
<use spaces_freemium_files/figure-latex/unnamed-chunk-6-5.pdf>
Package pdftex.def Info: spaces_freemium_files/figure-latex/unnamed-chunk-6-5.p
df  used on input line 1220.
(pdftex.def)             Requested size: 469.75386pt x 325.2142pt.

Package xcolor Warning: Incompatible color definition on input line 1222.


Package xcolor Warning: Incompatible color definition on input line 1262.


Package xcolor Warning: Incompatible color definition on input line 1262.


Package xcolor Warning: Incompatible color definition on input line 1262.

[26 <./spaces_freemium_files/figure-latex/unnamed-chunk-6-5.pdf>]

Package xcolor Warning: Incompatible color definition on input line 1262.


Package xcolor Warning: Incompatible color definition on input line 1262.

<spaces_freemium_files/figure-latex/unnamed-chunk-6-6.pdf, id=226, 469.755pt x 
325.215pt>
File: spaces_freemium_files/figure-latex/unnamed-chunk-6-6.pdf Graphic file (ty
pe pdf)
<use spaces_freemium_files/figure-latex/unnamed-chunk-6-6.pdf>
Package pdftex.def Info: spaces_freemium_files/figure-latex/unnamed-chunk-6-6.p
df  used on input line 1264.
(pdftex.def)             Requested size: 469.75386pt x 325.2142pt.

Package xcolor Warning: Incompatible color definition on input line 1266.

[27 <./spaces_freemium_files/figure-latex/unnamed-chunk-6-6.pdf>]

Package xcolor Warning: Incompatible color definition on input line 1307.


Package xcolor Warning: Incompatible color definition on input line 1307.

<spaces_freemium_files/figure-latex/unnamed-chunk-6-7.pdf, id=237, 469.755pt x 
325.215pt>
File: spaces_freemium_files/figure-latex/unnamed-chunk-6-7.pdf Graphic file (ty
pe pdf)
<use spaces_freemium_files/figure-latex/unnamed-chunk-6-7.pdf>
Package pdftex.def Info: spaces_freemium_files/figure-latex/unnamed-chunk-6-7.p
df  used on input line 1309.
(pdftex.def)             Requested size: 469.75386pt x 325.2142pt.

Package xcolor Warning: Incompatible color definition on input line 1311.

[28]

Package xcolor Warning: Incompatible color definition on input line 1362.


Package xcolor Warning: Incompatible color definition on input line 1362.


Package xcolor Warning: Incompatible color definition on input line 1362.

[29 <./spaces_freemium_files/figure-latex/unnamed-chunk-6-7.pdf>]

Package xcolor Warning: Incompatible color definition on input line 1362.


Package xcolor Warning: Incompatible color definition on input line 1362.

<spaces_freemium_files/figure-latex/unnamed-chunk-7-1.pdf, id=252, 469.755pt x 
325.215pt>
File: spaces_freemium_files/figure-latex/unnamed-chunk-7-1.pdf Graphic file (ty
pe pdf)
<use spaces_freemium_files/figure-latex/unnamed-chunk-7-1.pdf>
Package pdftex.def Info: spaces_freemium_files/figure-latex/unnamed-chunk-7-1.p
df  used on input line 1364.
(pdftex.def)             Requested size: 469.75386pt x 325.2142pt.

Package xcolor Warning: Incompatible color definition on input line 1366.


Package xcolor Warning: Incompatible color definition on input line 1454.


Package xcolor Warning: Incompatible color definition on input line 1454.


Package xcolor Warning: Incompatible color definition on input line 1454.

[30 <./spaces_freemium_files/figure-latex/unnamed-chunk-7-1.pdf>]

Package xcolor Warning: Incompatible color definition on input line 1454.


Package xcolor Warning: Incompatible color definition on input line 1454.


Underfull \vbox (badness 10000) detected at line 1454
 []


Underfull \vbox (badness 10000) detected at line 1454
 []


Package xcolor Warning: Incompatible color definition on input line 1454.

[31]

Package xcolor Warning: Incompatible color definition on input line 1454.


Package xcolor Warning: Incompatible color definition on input line 1454.

<spaces_freemium_files/figure-latex/unnamed-chunk-7-2.pdf, id=268, 469.755pt x 
325.215pt>
File: spaces_freemium_files/figure-latex/unnamed-chunk-7-2.pdf Graphic file (ty
pe pdf)
<use spaces_freemium_files/figure-latex/unnamed-chunk-7-2.pdf>
Package pdftex.def Info: spaces_freemium_files/figure-latex/unnamed-chunk-7-2.p
df  used on input line 1456.
(pdftex.def)             Requested size: 469.75386pt x 325.2142pt.

Package xcolor Warning: Incompatible color definition on input line 1458.

[32]

Package xcolor Warning: Incompatible color definition on input line 1464.


Package xcolor Warning: Incompatible color definition on input line 1464.


Package xcolor Warning: Incompatible color definition on input line 1490.

[33 <./spaces_freemium_files/figure-latex/unnamed-chunk-7-2.pdf>]

Package xcolor Warning: Incompatible color definition on input line 1510.


Package xcolor Warning: Incompatible color definition on input line 1510.

Package atveryend Info: Empty hook `BeforeClearDocument' on input line 1513.
[34]
Package atveryend Info: Empty hook `AfterLastShipout' on input line 1513.
(./spaces_freemium.aux)
Package atveryend Info: Executing hook `AtVeryEndDocument' on input line 1513.
Package atveryend Info: Executing hook `AtEndAfterFileList' on input line 1513.

Package rerunfilecheck Info: File `spaces_freemium.out' has not changed.
(rerunfilecheck)             Checksum: D41D8CD98F00B204E9800998ECF8427E;0.
Package atveryend Info: Empty hook `AtVeryVeryEnd' on input line 1513.
 ) 
Here is how much of TeX's memory you used:
 12464 strings out of 482426
 182308 string characters out of 5944454
 446556 words of memory out of 5000000
 27966 multiletter control sequences out of 15000+600000
 552663 words of font info for 34 fonts, out of 8000000 for 9000
 14 hyphenation exceptions out of 8191
 34i,5n,37p,489b,459s stack positions out of 5000i,500n,10000p,200000b,80000s
{/Users/wendyvu/Library/TinyTeX/texmf-dist/fonts/enc/dvips/lm/lm-ec.enc}</Use
rs/wendyvu/Library/TinyTeX/texmf-dist/fonts/type1/public/lm/lmbx12.pfb></Users/
wendyvu/Library/TinyTeX/texmf-dist/fonts/type1/public/lm/lmr10.pfb></Users/wend
yvu/Library/TinyTeX/texmf-dist/fonts/type1/public/lm/lmr17.pfb></Users/wendyvu/
Library/TinyTeX/texmf-dist/fonts/type1/public/lm/lmri12.pfb></Users/wendyvu/Lib
rary/TinyTeX/texmf-dist/fonts/type1/public/lm/lmtk10.pfb></Users/wendyvu/Librar
y/TinyTeX/texmf-dist/fonts/type1/public/lm/lmtt10.pfb></Users/wendyvu/Library/T
inyTeX/texmf-dist/fonts/type1/public/lm/lmtti10.pfb>
Output written on spaces_freemium.pdf (34 pages, 395706 bytes).
PDF statistics:
 321 PDF objects out of 1000 (max. 8388607)
 237 compressed objects within 3 object streams
 36 named destinations out of 1000 (max. 500000)
 96 words of extra memory for PDF output out of 10000 (max. 10000000)

